[debug] [2023-08-15T12:39:10.829Z] ----------------------------------------------------------------------
[debug] [2023-08-15T12:39:10.832Z] Command:       C:\Program Files\nodejs\node.exe C:\Users\sandeep\AppData\Roaming\npm\node_modules\firebase-tools\lib\bin\firebase.js init
[debug] [2023-08-15T12:39:10.832Z] CLI Version:   12.4.7
[debug] [2023-08-15T12:39:10.832Z] Platform:      win32
[debug] [2023-08-15T12:39:10.833Z] Node Version:  v16.17.0
[debug] [2023-08-15T12:39:10.833Z] Time:          Tue Aug 15 2023 18:09:10 GMT+0530 (India Standard Time)
[debug] [2023-08-15T12:39:10.834Z] ----------------------------------------------------------------------
[debug] 
[debug] [2023-08-15T12:39:10.840Z] > command requires scopes: ["email","openid","https://www.googleapis.com/auth/cloudplatformprojects.readonly","https://www.googleapis.com/auth/firebase","https://www.googleapis.com/auth/cloud-platform"]
[debug] [2023-08-15T12:39:10.841Z] > authorizing via signed-in user (sandeepgond13sandy@gmail.com)
[info] 
     ######## #### ########  ######## ########     ###     ######  ########
     ##        ##  ##     ## ##       ##     ##  ##   ##  ##       ##
     ######    ##  ########  ######   ########  #########  ######  ######
     ##        ##  ##    ##  ##       ##     ## ##     ##       ## ##
     ##       #### ##     ## ######## ########  ##     ##  ######  ########

You're about to initialize a Firebase project in this directory:

  C:\Users\sandeep\Desktop\playtube

[info] 
=== Project Setup
[info] 
[info] First, let's associate this project directory with a Firebase project.
[info] You can create multiple project aliases by running firebase use --add, 
[info] but for now we'll just set up a default project.
[info] 
[debug] [2023-08-15T12:39:53.156Z] >>> [apiv2][query] GET https://firebase.googleapis.com/v1beta1/projects pageSize=100
[debug] [2023-08-15T12:39:55.050Z] <<< [apiv2][status] GET https://firebase.googleapis.com/v1beta1/projects 200
[debug] [2023-08-15T12:39:55.051Z] <<< [apiv2][body] GET https://firebase.googleapis.com/v1beta1/projects [omitted]
[info] i  Using project play-tube-clone (playtube) 
[info] 
=== Hosting Setup
[info] 
[info] Your public directory is the folder (relative to your project directory) that
[info] will contain Hosting assets to be uploaded with firebase deploy. If you
[info] have a build process for your assets, use your build's output directory.
[info] 
[info] +  Wrote build/404.html 
[debug] [2023-08-15T12:40:51.882Z] >>> [apiv2][query] GET https://www.gstatic.com/firebasejs/releases.json [none]
[debug] [2023-08-15T12:40:53.405Z] <<< [apiv2][status] GET https://www.gstatic.com/firebasejs/releases.json 200
[debug] [2023-08-15T12:40:53.405Z] <<< [apiv2][body] GET https://www.gstatic.com/firebasejs/releases.json {"current":{"version":"10.1.0","browserURL":"https://www.gstatic.com/firebasejs/10.1.0/firebase.js","packageURL":"https://www.gstatic.com/firebasejs/10.1.0/firebase.tgz"},"live":{"version":"10.1","browserURL":"https://www.gstatic.com/firebasejs/live/10.1/firebase.js","packageURL":"https://www.gstatic.com/firebasejs/live/10.1/firebase.tgz"},"components":{"analytics":"https://www.gstatic.com/firebasejs/10.1.0/firebase-analytics.js","app":"https://www.gstatic.com/firebasejs/10.1.0/firebase-app.js","app-check":"https://www.gstatic.com/firebasejs/10.1.0/firebase-app-check.js","auth":"https://www.gstatic.com/firebasejs/10.1.0/firebase-auth.js","auth/cordova":"https://www.gstatic.com/firebasejs/10.1.0/firebase-auth/cordova.js","functions":"https://www.gstatic.com/firebasejs/10.1.0/firebase-functions.js","firestore":"https://www.gstatic.com/firebasejs/10.1.0/firebase-firestore.js","firestore/lite":"https://www.gstatic.com/firebasejs/10.1.0/firebase-firestore/lite.js","installations":"https://www.gstatic.com/firebasejs/10.1.0/firebase-installations.js","storage":"https://www.gstatic.com/firebasejs/10.1.0/firebase-storage.js","performance":"https://www.gstatic.com/firebasejs/10.1.0/firebase-performance.js","remote-config":"https://www.gstatic.com/firebasejs/10.1.0/firebase-remote-config.js","messaging":"https://www.gstatic.com/firebasejs/10.1.0/firebase-messaging.js","messaging/sw":"https://www.gstatic.com/firebasejs/10.1.0/firebase-messaging/sw.js","database":"https://www.gstatic.com/firebasejs/10.1.0/firebase-database.js","firestore.memory":"https://www.gstatic.com/firebasejs/10.1.0/firebase-firestore.memory.js"}}
[info] +  Wrote build/index.html 
[info] 
[info] i  Detected a .git folder at C:\Users\sandeep\Desktop\playtube 
[info] i  Authorizing with GitHub to upload your service account to a GitHub repository's secrets store. 
[info] 
[info] Visit this URL on this device to log in:
[info] https://github.com/login/oauth/authorize?client_id=89cf50f02ac6aaed3484&state=830816229&redirect_uri=http%3A%2F%2Flocalhost%3A9005&scope=read%3Auser%20repo%20public_repo
[info] 
[info] Waiting for authentication...
[debug] [2023-08-15T12:41:25.154Z] >>> [apiv2][query] POST https://github.com/login/oauth/access_token [none]
[debug] [2023-08-15T12:41:25.154Z] >>> [apiv2][body] POST https://github.com/login/oauth/access_token [stream]
[debug] [2023-08-15T12:41:26.223Z] <<< [apiv2][status] POST https://github.com/login/oauth/access_token 200
[debug] [2023-08-15T12:41:26.223Z] <<< [apiv2][body] POST https://github.com/login/oauth/access_token {"access_token":"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","token_type":"bearer","scope":"read:user,repo"}
[debug] [2023-08-15T12:41:26.236Z] >>> [apiv2][query] GET https://api.github.com/user [none]
[debug] [2023-08-15T12:41:26.816Z] <<< [apiv2][status] GET https://api.github.com/user 200
[debug] [2023-08-15T12:41:26.816Z] <<< [apiv2][body] GET https://api.github.com/user {"login":"Sandeepgond","id":101566153,"node_id":"U_kgDOBg3GyQ","avatar_url":"https://avatars.githubusercontent.com/u/101566153?v=4","gravatar_id":"","url":"https://api.github.com/users/Sandeepgond","html_url":"https://github.com/Sandeepgond","followers_url":"https://api.github.com/users/Sandeepgond/followers","following_url":"https://api.github.com/users/Sandeepgond/following{/other_user}","gists_url":"https://api.github.com/users/Sandeepgond/gists{/gist_id}","starred_url":"https://api.github.com/users/Sandeepgond/starred{/owner}{/repo}","subscriptions_url":"https://api.github.com/users/Sandeepgond/subscriptions","organizations_url":"https://api.github.com/users/Sandeepgond/orgs","repos_url":"https://api.github.com/users/Sandeepgond/repos","events_url":"https://api.github.com/users/Sandeepgond/events{/privacy}","received_events_url":"https://api.github.com/users/Sandeepgond/received_events","type":"User","site_admin":false,"name":"Sandeep Gond","company":"Masai","blog":"","location":"Bangalore","email":"sandeepgond13sandy@gmail.com","hireable":null,"bio":"I am versatile ##Full Stack Web Developer!! ðŸŒ and I love to code and build user-friendly websites. My objective is simply to be the best web developer.","twitter_username":null,"public_repos":15,"public_gists":0,"followers":33,"following":22,"created_at":"2022-03-14T12:06:52Z","updated_at":"2023-07-21T15:26:36Z","private_gists":0,"total_private_repos":2,"owned_private_repos":2,"disk_usage":31023,"collaborators":4,"two_factor_authentication":false,"plan":{"name":"free","space":976562499,"collaborators":0,"private_repos":10000}}
[info] 
[info] +  Success! Logged into GitHub as Sandeepgond 
[info] 
[debug] [2023-08-15T12:48:05.159Z] >>> [apiv2][query] GET https://api.github.com/repos/playtube/actions/secrets/public-key type=owner
[debug] [2023-08-15T12:48:05.811Z] <<< [apiv2][status] GET https://api.github.com/repos/playtube/actions/secrets/public-key 404
[debug] [2023-08-15T12:48:05.811Z] <<< [apiv2][body] GET https://api.github.com/repos/playtube/actions/secrets/public-key {"message":"Not Found","documentation_url":"https://docs.github.com/rest"}
[info] 
[info] 
[error] !  The provided authorization cannot be used with this repository. If this repository is in an organization, did you remember to grant access? 
[info] 
[info] i  Action required: Visit this URL to ensure access has been granted to the appropriate organization(s) for the Firebase CLI GitHub OAuth App: 
[info] https://github.com/settings/connections/applications/89cf50f02ac6aaed3484
[info] 
[debug] [2023-08-15T12:48:52.927Z] >>> [apiv2][query] GET https://api.github.com/repos/sandeepgond13/playtube/actions/secrets/public-key type=owner
[debug] [2023-08-15T12:48:53.416Z] <<< [apiv2][status] GET https://api.github.com/repos/sandeepgond13/playtube/actions/secrets/public-key 404
[debug] [2023-08-15T12:48:53.416Z] <<< [apiv2][body] GET https://api.github.com/repos/sandeepgond13/playtube/actions/secrets/public-key {"message":"Not Found","documentation_url":"https://docs.github.com/rest/actions/secrets#get-a-repository-public-key"}
[info] 
[info] 
[error] !  The provided authorization cannot be used with this repository. If this repository is in an organization, did you remember to grant access? 
[info] 
[info] i  Action required: Visit this URL to ensure access has been granted to the appropriate organization(s) for the Firebase CLI GitHub OAuth App: 
[info] https://github.com/settings/connections/applications/89cf50f02ac6aaed3484
[info] 
